mode: atomic
github.com/prakaypetch-yuw/go-clean-arch/cmd/app/main.go:8.13,11.16 3 0
github.com/prakaypetch-yuw/go-clean-arch/cmd/app/main.go:11.16,12.13 1 0
github.com/prakaypetch-yuw/go-clean-arch/cmd/app/main.go:14.2,15.16 2 0
github.com/prakaypetch-yuw/go-clean-arch/cmd/app/main.go:15.16,16.13 1 0
github.com/prakaypetch-yuw/go-clean-arch/config/config.go:34.57,37.16 3 0
github.com/prakaypetch-yuw/go-clean-arch/config/config.go:37.16,40.3 2 0
github.com/prakaypetch-yuw/go-clean-arch/config/config.go:41.2,41.17 1 0
github.com/prakaypetch-yuw/go-clean-arch/config/config.go:44.31,46.13 2 0
github.com/prakaypetch-yuw/go-clean-arch/config/config.go:46.13,48.3 1 0
github.com/prakaypetch-yuw/go-clean-arch/config/config.go:49.2,49.26 1 0
github.com/prakaypetch-yuw/go-clean-arch/internal/domain/repository/user_repository.go:24.108,27.2 2 0
github.com/prakaypetch-yuw/go-clean-arch/internal/domain/repository/user_repository.go:29.63,31.15 2 0
github.com/prakaypetch-yuw/go-clean-arch/internal/domain/repository/user_repository.go:31.15,33.3 1 0
github.com/prakaypetch-yuw/go-clean-arch/internal/domain/repository/user_repository.go:34.2,34.28 1 0
github.com/prakaypetch-yuw/go-clean-arch/internal/domain/repository/user_repository.go:37.80,40.16 2 0
github.com/prakaypetch-yuw/go-clean-arch/internal/domain/repository/user_repository.go:40.16,42.3 1 0
github.com/prakaypetch-yuw/go-clean-arch/internal/domain/repository/user_repository.go:44.2,44.17 1 0
github.com/prakaypetch-yuw/go-clean-arch/internal/domain/repository/user_repository.go:44.17,46.54 2 0
github.com/prakaypetch-yuw/go-clean-arch/internal/domain/repository/user_repository.go:46.54,48.4 1 0
github.com/prakaypetch-yuw/go-clean-arch/internal/domain/repository/user_repository.go:49.3,49.22 1 0
github.com/prakaypetch-yuw/go-clean-arch/internal/domain/repository/user_repository.go:52.2,53.25 2 0
github.com/prakaypetch-yuw/go-clean-arch/internal/domain/repository/user_repository.go:53.25,54.54 1 0
github.com/prakaypetch-yuw/go-clean-arch/internal/domain/repository/user_repository.go:54.54,57.4 2 0
github.com/prakaypetch-yuw/go-clean-arch/internal/domain/repository/user_repository.go:58.3,58.22 1 0
github.com/prakaypetch-yuw/go-clean-arch/internal/domain/repository/user_repository.go:61.2,62.53 2 0
github.com/prakaypetch-yuw/go-clean-arch/internal/domain/repository/user_repository.go:62.53,64.3 1 0
github.com/prakaypetch-yuw/go-clean-arch/internal/domain/repository/user_repository.go:65.2,65.21 1 0
github.com/prakaypetch-yuw/go-clean-arch/internal/domain/repository/user_repository.go:68.63,70.2 1 0
github.com/prakaypetch-yuw/go-clean-arch/internal/infrastructure/db/db.go:18.61,20.16 2 0
github.com/prakaypetch-yuw/go-clean-arch/internal/infrastructure/db/db.go:20.16,22.22 2 0
github.com/prakaypetch-yuw/go-clean-arch/internal/infrastructure/db/db.go:22.23,24.4 0 0
github.com/prakaypetch-yuw/go-clean-arch/internal/infrastructure/db/db.go:27.2,28.16 2 0
github.com/prakaypetch-yuw/go-clean-arch/internal/infrastructure/db/db.go:28.16,29.22 1 0
github.com/prakaypetch-yuw/go-clean-arch/internal/infrastructure/db/db.go:29.23,31.4 0 0
github.com/prakaypetch-yuw/go-clean-arch/internal/infrastructure/db/db.go:34.2,34.20 1 0
github.com/prakaypetch-yuw/go-clean-arch/internal/infrastructure/db/db.go:34.20,36.17 2 0
github.com/prakaypetch-yuw/go-clean-arch/internal/infrastructure/db/db.go:36.17,38.4 1 0
github.com/prakaypetch-yuw/go-clean-arch/internal/infrastructure/db/db.go:41.2,41.36 1 0
github.com/prakaypetch-yuw/go-clean-arch/internal/infrastructure/db/db.go:41.36,43.3 1 0
github.com/prakaypetch-yuw/go-clean-arch/internal/infrastructure/db/db.go:45.2,46.16 2 0
github.com/prakaypetch-yuw/go-clean-arch/internal/infrastructure/db/db.go:46.16,48.3 1 0
github.com/prakaypetch-yuw/go-clean-arch/internal/infrastructure/db/db.go:50.2,51.25 2 0
github.com/prakaypetch-yuw/go-clean-arch/internal/infrastructure/db/db.go:54.36,58.2 2 0
github.com/prakaypetch-yuw/go-clean-arch/internal/infrastructure/db/db.go:60.52,62.9 2 0
github.com/prakaypetch-yuw/go-clean-arch/internal/infrastructure/db/db.go:62.9,64.3 1 0
github.com/prakaypetch-yuw/go-clean-arch/internal/infrastructure/db/db.go:65.2,65.12 1 0
github.com/prakaypetch-yuw/go-clean-arch/internal/infrastructure/middleware/jwt.go:19.84,23.2 1 0
github.com/prakaypetch-yuw/go-clean-arch/internal/infrastructure/middleware/jwt.go:25.54,26.34 1 0
github.com/prakaypetch-yuw/go-clean-arch/internal/infrastructure/middleware/jwt.go:26.34,29.23 3 0
github.com/prakaypetch-yuw/go-clean-arch/internal/infrastructure/middleware/jwt.go:29.23,31.4 1 0
github.com/prakaypetch-yuw/go-clean-arch/internal/infrastructure/middleware/jwt.go:32.3,34.17 3 0
github.com/prakaypetch-yuw/go-clean-arch/internal/infrastructure/middleware/jwt.go:34.17,37.4 2 0
github.com/prakaypetch-yuw/go-clean-arch/internal/infrastructure/middleware/jwt.go:38.3,39.18 2 0
github.com/prakaypetch-yuw/go-clean-arch/internal/infrastructure/middleware/middleware_provider.go:7.89,11.2 1 0
github.com/prakaypetch-yuw/go-clean-arch/internal/infrastructure/server/fiber.go:9.129,13.2 3 0
github.com/prakaypetch-yuw/go-clean-arch/internal/infrastructure/server/router.go:9.130,12.50 2 0
github.com/prakaypetch-yuw/go-clean-arch/internal/infrastructure/server/router.go:12.50,14.3 1 0
github.com/prakaypetch-yuw/go-clean-arch/internal/infrastructure/server/router.go:15.2,15.47 1 0
github.com/prakaypetch-yuw/go-clean-arch/internal/infrastructure/server/router.go:15.47,17.3 1 0
github.com/prakaypetch-yuw/go-clean-arch/internal/infrastructure/server/router.go:20.2,21.45 2 0
github.com/prakaypetch-yuw/go-clean-arch/internal/infrastructure/server/router.go:21.45,23.3 1 0
github.com/prakaypetch-yuw/go-clean-arch/internal/infrastructure/registry/di/wire_gen.go:21.86,23.16 2 0
github.com/prakaypetch-yuw/go-clean-arch/internal/infrastructure/registry/di/wire_gen.go:23.16,25.3 1 0
github.com/prakaypetch-yuw/go-clean-arch/internal/infrastructure/registry/di/wire_gen.go:26.2,27.16 2 0
github.com/prakaypetch-yuw/go-clean-arch/internal/infrastructure/registry/di/wire_gen.go:27.16,29.3 1 0
github.com/prakaypetch-yuw/go-clean-arch/internal/infrastructure/registry/di/wire_gen.go:30.2,42.29 10 0
github.com/prakaypetch-yuw/go-clean-arch/internal/infrastructure/registry/di/wire_gen.go:42.29,44.3 1 0
github.com/prakaypetch-yuw/go-clean-arch/internal/usecase/token.go:33.61,37.2 1 0
github.com/prakaypetch-yuw/go-clean-arch/internal/usecase/token.go:39.83,43.2 2 0
github.com/prakaypetch-yuw/go-clean-arch/internal/usecase/token.go:45.88,49.2 2 0
github.com/prakaypetch-yuw/go-clean-arch/internal/usecase/token.go:51.91,52.126 1 0
github.com/prakaypetch-yuw/go-clean-arch/internal/usecase/token.go:52.126,54.3 1 0
github.com/prakaypetch-yuw/go-clean-arch/internal/usecase/token.go:55.2,55.16 1 0
github.com/prakaypetch-yuw/go-clean-arch/internal/usecase/token.go:55.16,57.3 1 0
github.com/prakaypetch-yuw/go-clean-arch/internal/usecase/token.go:59.2,59.58 1 0
github.com/prakaypetch-yuw/go-clean-arch/internal/usecase/token.go:62.88,63.130 1 0
github.com/prakaypetch-yuw/go-clean-arch/internal/usecase/token.go:63.130,65.3 1 0
github.com/prakaypetch-yuw/go-clean-arch/internal/usecase/token.go:67.2,67.58 1 0
github.com/prakaypetch-yuw/go-clean-arch/internal/usecase/token.go:70.91,80.16 3 0
github.com/prakaypetch-yuw/go-clean-arch/internal/usecase/token.go:80.16,82.3 1 0
github.com/prakaypetch-yuw/go-clean-arch/internal/usecase/token.go:83.2,87.16 2 0
github.com/prakaypetch-yuw/go-clean-arch/internal/usecase/token.go:87.16,89.3 1 0
github.com/prakaypetch-yuw/go-clean-arch/internal/usecase/token.go:91.2,96.8 2 0
github.com/prakaypetch-yuw/go-clean-arch/internal/usecase/user.go:25.98,27.2 1 0
github.com/prakaypetch-yuw/go-clean-arch/internal/usecase/user.go:29.106,39.16 4 0
github.com/prakaypetch-yuw/go-clean-arch/internal/usecase/user.go:39.16,41.3 1 0
github.com/prakaypetch-yuw/go-clean-arch/internal/usecase/user.go:43.2,43.18 1 0
github.com/prakaypetch-yuw/go-clean-arch/internal/usecase/user.go:46.79,50.2 1 0
github.com/prakaypetch-yuw/go-clean-arch/internal/usecase/mock/mock_token.go:27.69,31.2 3 0
github.com/prakaypetch-yuw/go-clean-arch/internal/usecase/mock/mock_token.go:34.67,36.2 1 0
github.com/prakaypetch-yuw/go-clean-arch/internal/usecase/mock/mock_token.go:39.84,45.2 5 0
github.com/prakaypetch-yuw/go-clean-arch/internal/usecase/mock/mock_token.go:48.89,51.2 2 0
github.com/prakaypetch-yuw/go-clean-arch/internal/usecase/mock/mock_token.go:54.89,60.2 5 0
github.com/prakaypetch-yuw/go-clean-arch/internal/usecase/mock/mock_token.go:63.90,66.2 2 0
github.com/prakaypetch-yuw/go-clean-arch/internal/usecase/mock/mock_token.go:69.82,75.2 5 0
github.com/prakaypetch-yuw/go-clean-arch/internal/usecase/mock/mock_token.go:78.86,81.2 2 0
github.com/prakaypetch-yuw/go-clean-arch/internal/usecase/mock/mock_token.go:84.92,90.2 5 0
github.com/prakaypetch-yuw/go-clean-arch/internal/usecase/mock/mock_token.go:93.96,96.2 2 0
github.com/prakaypetch-yuw/go-clean-arch/internal/usecase/mock/mock_token.go:99.89,104.2 4 0
github.com/prakaypetch-yuw/go-clean-arch/internal/usecase/mock/mock_token.go:107.98,110.2 2 0
github.com/prakaypetch-yuw/go-clean-arch/internal/usecase/mock/mock_user.go:28.67,32.2 3 0
github.com/prakaypetch-yuw/go-clean-arch/internal/usecase/mock/mock_user.go:35.65,37.2 1 0
github.com/prakaypetch-yuw/go-clean-arch/internal/usecase/mock/mock_user.go:40.99,46.2 5 0
github.com/prakaypetch-yuw/go-clean-arch/internal/usecase/mock/mock_user.go:49.92,52.2 2 0
github.com/prakaypetch-yuw/go-clean-arch/internal/usecase/mock/mock_user.go:55.107,61.2 5 0
github.com/prakaypetch-yuw/go-clean-arch/internal/usecase/mock/mock_user.go:64.84,67.2 2 0
github.com/prakaypetch-yuw/go-clean-arch/tool/util/test_util.go:10.117,18.16 8 0
github.com/prakaypetch-yuw/go-clean-arch/tool/util/test_util.go:18.16,20.3 1 0
github.com/prakaypetch-yuw/go-clean-arch/tool/util/test_util.go:21.2,22.16 2 0
github.com/prakaypetch-yuw/go-clean-arch/tool/util/test_util.go:22.16,24.3 1 0
github.com/prakaypetch-yuw/go-clean-arch/tool/util/test_util.go:25.2,28.22 3 0
github.com/prakaypetch-yuw/go-clean-arch/tool/util/test_util.go:28.22,30.3 1 0
github.com/prakaypetch-yuw/go-clean-arch/cmd/app/main.go:8.13,11.16 3 0
github.com/prakaypetch-yuw/go-clean-arch/cmd/app/main.go:11.16,12.13 1 0
github.com/prakaypetch-yuw/go-clean-arch/cmd/app/main.go:14.2,15.16 2 0
github.com/prakaypetch-yuw/go-clean-arch/cmd/app/main.go:15.16,16.13 1 0
github.com/prakaypetch-yuw/go-clean-arch/config/config.go:34.57,37.16 3 0
github.com/prakaypetch-yuw/go-clean-arch/config/config.go:37.16,40.3 2 0
github.com/prakaypetch-yuw/go-clean-arch/config/config.go:41.2,41.17 1 0
github.com/prakaypetch-yuw/go-clean-arch/config/config.go:44.31,46.13 2 0
github.com/prakaypetch-yuw/go-clean-arch/config/config.go:46.13,48.3 1 0
github.com/prakaypetch-yuw/go-clean-arch/config/config.go:49.2,49.26 1 0
github.com/prakaypetch-yuw/go-clean-arch/internal/domain/repository/user_repository.go:24.108,27.2 2 0
github.com/prakaypetch-yuw/go-clean-arch/internal/domain/repository/user_repository.go:29.63,31.15 2 0
github.com/prakaypetch-yuw/go-clean-arch/internal/domain/repository/user_repository.go:31.15,33.3 1 0
github.com/prakaypetch-yuw/go-clean-arch/internal/domain/repository/user_repository.go:34.2,34.28 1 0
github.com/prakaypetch-yuw/go-clean-arch/internal/domain/repository/user_repository.go:37.80,40.16 2 0
github.com/prakaypetch-yuw/go-clean-arch/internal/domain/repository/user_repository.go:40.16,42.3 1 0
github.com/prakaypetch-yuw/go-clean-arch/internal/domain/repository/user_repository.go:44.2,44.17 1 0
github.com/prakaypetch-yuw/go-clean-arch/internal/domain/repository/user_repository.go:44.17,46.54 2 0
github.com/prakaypetch-yuw/go-clean-arch/internal/domain/repository/user_repository.go:46.54,48.4 1 0
github.com/prakaypetch-yuw/go-clean-arch/internal/domain/repository/user_repository.go:49.3,49.22 1 0
github.com/prakaypetch-yuw/go-clean-arch/internal/domain/repository/user_repository.go:52.2,53.25 2 0
github.com/prakaypetch-yuw/go-clean-arch/internal/domain/repository/user_repository.go:53.25,54.54 1 0
github.com/prakaypetch-yuw/go-clean-arch/internal/domain/repository/user_repository.go:54.54,57.4 2 0
github.com/prakaypetch-yuw/go-clean-arch/internal/domain/repository/user_repository.go:58.3,58.22 1 0
github.com/prakaypetch-yuw/go-clean-arch/internal/domain/repository/user_repository.go:61.2,62.53 2 0
github.com/prakaypetch-yuw/go-clean-arch/internal/domain/repository/user_repository.go:62.53,64.3 1 0
github.com/prakaypetch-yuw/go-clean-arch/internal/domain/repository/user_repository.go:65.2,65.21 1 0
github.com/prakaypetch-yuw/go-clean-arch/internal/domain/repository/user_repository.go:68.63,70.2 1 0
github.com/prakaypetch-yuw/go-clean-arch/internal/handler/handler_provider.go:7.71,11.2 1 0
github.com/prakaypetch-yuw/go-clean-arch/internal/handler/user.go:23.55,26.9 3 3
github.com/prakaypetch-yuw/go-clean-arch/internal/handler/user.go:26.9,31.3 1 1
github.com/prakaypetch-yuw/go-clean-arch/internal/handler/user.go:32.2,33.16 2 2
github.com/prakaypetch-yuw/go-clean-arch/internal/handler/user.go:33.16,38.3 1 1
github.com/prakaypetch-yuw/go-clean-arch/internal/handler/user.go:40.2,40.21 1 1
github.com/prakaypetch-yuw/go-clean-arch/internal/handler/user.go:43.52,46.51 2 4
github.com/prakaypetch-yuw/go-clean-arch/internal/handler/user.go:46.51,48.3 1 0
github.com/prakaypetch-yuw/go-clean-arch/internal/handler/user.go:50.2,51.16 2 4
github.com/prakaypetch-yuw/go-clean-arch/internal/handler/user.go:51.16,56.3 1 1
github.com/prakaypetch-yuw/go-clean-arch/internal/handler/user.go:58.2,58.99 1 3
github.com/prakaypetch-yuw/go-clean-arch/internal/handler/user.go:58.99,63.3 1 1
github.com/prakaypetch-yuw/go-clean-arch/internal/handler/user.go:65.2,66.16 2 2
github.com/prakaypetch-yuw/go-clean-arch/internal/handler/user.go:66.16,71.3 1 1
github.com/prakaypetch-yuw/go-clean-arch/internal/handler/user.go:72.2,72.22 1 1
github.com/prakaypetch-yuw/go-clean-arch/internal/handler/user.go:75.55,78.43 2 2
github.com/prakaypetch-yuw/go-clean-arch/internal/handler/user.go:78.43,80.3 1 0
github.com/prakaypetch-yuw/go-clean-arch/internal/handler/user.go:82.2,83.16 2 2
github.com/prakaypetch-yuw/go-clean-arch/internal/handler/user.go:83.16,88.3 1 1
github.com/prakaypetch-yuw/go-clean-arch/internal/handler/user.go:90.2,90.28 1 1
github.com/prakaypetch-yuw/go-clean-arch/internal/handler/user.go:93.105,98.2 1 1
github.com/prakaypetch-yuw/go-clean-arch/internal/infrastructure/db/db.go:18.61,20.16 2 0
github.com/prakaypetch-yuw/go-clean-arch/internal/infrastructure/db/db.go:20.16,22.22 2 0
github.com/prakaypetch-yuw/go-clean-arch/internal/infrastructure/db/db.go:22.23,24.4 0 0
github.com/prakaypetch-yuw/go-clean-arch/internal/infrastructure/db/db.go:27.2,28.16 2 0
github.com/prakaypetch-yuw/go-clean-arch/internal/infrastructure/db/db.go:28.16,29.22 1 0
github.com/prakaypetch-yuw/go-clean-arch/internal/infrastructure/db/db.go:29.23,31.4 0 0
github.com/prakaypetch-yuw/go-clean-arch/internal/infrastructure/db/db.go:34.2,34.20 1 0
github.com/prakaypetch-yuw/go-clean-arch/internal/infrastructure/db/db.go:34.20,36.17 2 0
github.com/prakaypetch-yuw/go-clean-arch/internal/infrastructure/db/db.go:36.17,38.4 1 0
github.com/prakaypetch-yuw/go-clean-arch/internal/infrastructure/db/db.go:41.2,41.36 1 0
github.com/prakaypetch-yuw/go-clean-arch/internal/infrastructure/db/db.go:41.36,43.3 1 0
github.com/prakaypetch-yuw/go-clean-arch/internal/infrastructure/db/db.go:45.2,46.16 2 0
github.com/prakaypetch-yuw/go-clean-arch/internal/infrastructure/db/db.go:46.16,48.3 1 0
github.com/prakaypetch-yuw/go-clean-arch/internal/infrastructure/db/db.go:50.2,51.25 2 0
github.com/prakaypetch-yuw/go-clean-arch/internal/infrastructure/db/db.go:54.36,58.2 2 0
github.com/prakaypetch-yuw/go-clean-arch/internal/infrastructure/db/db.go:60.52,62.9 2 0
github.com/prakaypetch-yuw/go-clean-arch/internal/infrastructure/db/db.go:62.9,64.3 1 0
github.com/prakaypetch-yuw/go-clean-arch/internal/infrastructure/db/db.go:65.2,65.12 1 0
github.com/prakaypetch-yuw/go-clean-arch/internal/infrastructure/middleware/jwt.go:19.84,23.2 1 0
github.com/prakaypetch-yuw/go-clean-arch/internal/infrastructure/middleware/jwt.go:25.54,26.34 1 0
github.com/prakaypetch-yuw/go-clean-arch/internal/infrastructure/middleware/jwt.go:26.34,29.23 3 0
github.com/prakaypetch-yuw/go-clean-arch/internal/infrastructure/middleware/jwt.go:29.23,31.4 1 0
github.com/prakaypetch-yuw/go-clean-arch/internal/infrastructure/middleware/jwt.go:32.3,34.17 3 0
github.com/prakaypetch-yuw/go-clean-arch/internal/infrastructure/middleware/jwt.go:34.17,37.4 2 0
github.com/prakaypetch-yuw/go-clean-arch/internal/infrastructure/middleware/jwt.go:38.3,39.18 2 0
github.com/prakaypetch-yuw/go-clean-arch/internal/infrastructure/middleware/middleware_provider.go:7.89,11.2 1 0
github.com/prakaypetch-yuw/go-clean-arch/internal/infrastructure/registry/di/wire_gen.go:21.86,23.16 2 0
github.com/prakaypetch-yuw/go-clean-arch/internal/infrastructure/registry/di/wire_gen.go:23.16,25.3 1 0
github.com/prakaypetch-yuw/go-clean-arch/internal/infrastructure/registry/di/wire_gen.go:26.2,27.16 2 0
github.com/prakaypetch-yuw/go-clean-arch/internal/infrastructure/registry/di/wire_gen.go:27.16,29.3 1 0
github.com/prakaypetch-yuw/go-clean-arch/internal/infrastructure/registry/di/wire_gen.go:30.2,42.29 10 0
github.com/prakaypetch-yuw/go-clean-arch/internal/infrastructure/registry/di/wire_gen.go:42.29,44.3 1 0
github.com/prakaypetch-yuw/go-clean-arch/internal/infrastructure/server/fiber.go:9.129,13.2 3 0
github.com/prakaypetch-yuw/go-clean-arch/internal/infrastructure/server/router.go:9.130,12.50 2 0
github.com/prakaypetch-yuw/go-clean-arch/internal/infrastructure/server/router.go:12.50,14.3 1 0
github.com/prakaypetch-yuw/go-clean-arch/internal/infrastructure/server/router.go:15.2,15.47 1 0
github.com/prakaypetch-yuw/go-clean-arch/internal/infrastructure/server/router.go:15.47,17.3 1 0
github.com/prakaypetch-yuw/go-clean-arch/internal/infrastructure/server/router.go:20.2,21.45 2 0
github.com/prakaypetch-yuw/go-clean-arch/internal/infrastructure/server/router.go:21.45,23.3 1 0
github.com/prakaypetch-yuw/go-clean-arch/internal/usecase/token.go:33.61,37.2 1 0
github.com/prakaypetch-yuw/go-clean-arch/internal/usecase/token.go:39.83,43.2 2 0
github.com/prakaypetch-yuw/go-clean-arch/internal/usecase/token.go:45.88,49.2 2 0
github.com/prakaypetch-yuw/go-clean-arch/internal/usecase/token.go:51.91,52.126 1 0
github.com/prakaypetch-yuw/go-clean-arch/internal/usecase/token.go:52.126,54.3 1 0
github.com/prakaypetch-yuw/go-clean-arch/internal/usecase/token.go:55.2,55.16 1 0
github.com/prakaypetch-yuw/go-clean-arch/internal/usecase/token.go:55.16,57.3 1 0
github.com/prakaypetch-yuw/go-clean-arch/internal/usecase/token.go:59.2,59.58 1 0
github.com/prakaypetch-yuw/go-clean-arch/internal/usecase/token.go:62.88,63.130 1 0
github.com/prakaypetch-yuw/go-clean-arch/internal/usecase/token.go:63.130,65.3 1 0
github.com/prakaypetch-yuw/go-clean-arch/internal/usecase/token.go:67.2,67.58 1 0
github.com/prakaypetch-yuw/go-clean-arch/internal/usecase/token.go:70.91,80.16 3 0
github.com/prakaypetch-yuw/go-clean-arch/internal/usecase/token.go:80.16,82.3 1 0
github.com/prakaypetch-yuw/go-clean-arch/internal/usecase/token.go:83.2,87.16 2 0
github.com/prakaypetch-yuw/go-clean-arch/internal/usecase/token.go:87.16,89.3 1 0
github.com/prakaypetch-yuw/go-clean-arch/internal/usecase/token.go:91.2,96.8 2 0
github.com/prakaypetch-yuw/go-clean-arch/internal/usecase/user.go:25.98,27.2 1 0
github.com/prakaypetch-yuw/go-clean-arch/internal/usecase/user.go:29.106,39.16 4 0
github.com/prakaypetch-yuw/go-clean-arch/internal/usecase/user.go:39.16,41.3 1 0
github.com/prakaypetch-yuw/go-clean-arch/internal/usecase/user.go:43.2,43.18 1 0
github.com/prakaypetch-yuw/go-clean-arch/internal/usecase/user.go:46.79,50.2 1 0
github.com/prakaypetch-yuw/go-clean-arch/internal/usecase/mock/mock_token.go:27.69,31.2 3 1
github.com/prakaypetch-yuw/go-clean-arch/internal/usecase/mock/mock_token.go:34.67,36.2 1 2
github.com/prakaypetch-yuw/go-clean-arch/internal/usecase/mock/mock_token.go:39.84,45.2 5 0
github.com/prakaypetch-yuw/go-clean-arch/internal/usecase/mock/mock_token.go:48.89,51.2 2 0
github.com/prakaypetch-yuw/go-clean-arch/internal/usecase/mock/mock_token.go:54.89,60.2 5 0
github.com/prakaypetch-yuw/go-clean-arch/internal/usecase/mock/mock_token.go:63.90,66.2 2 0
github.com/prakaypetch-yuw/go-clean-arch/internal/usecase/mock/mock_token.go:69.82,75.2 5 2
github.com/prakaypetch-yuw/go-clean-arch/internal/usecase/mock/mock_token.go:78.86,81.2 2 2
github.com/prakaypetch-yuw/go-clean-arch/internal/usecase/mock/mock_token.go:84.92,90.2 5 0
github.com/prakaypetch-yuw/go-clean-arch/internal/usecase/mock/mock_token.go:93.96,96.2 2 0
github.com/prakaypetch-yuw/go-clean-arch/internal/usecase/mock/mock_token.go:99.89,104.2 4 0
github.com/prakaypetch-yuw/go-clean-arch/internal/usecase/mock/mock_token.go:107.98,110.2 2 0
github.com/prakaypetch-yuw/go-clean-arch/internal/usecase/mock/mock_user.go:28.67,32.2 3 1
github.com/prakaypetch-yuw/go-clean-arch/internal/usecase/mock/mock_user.go:35.65,37.2 1 8
github.com/prakaypetch-yuw/go-clean-arch/internal/usecase/mock/mock_user.go:40.99,46.2 5 6
github.com/prakaypetch-yuw/go-clean-arch/internal/usecase/mock/mock_user.go:49.92,52.2 2 6
github.com/prakaypetch-yuw/go-clean-arch/internal/usecase/mock/mock_user.go:55.107,61.2 5 2
github.com/prakaypetch-yuw/go-clean-arch/internal/usecase/mock/mock_user.go:64.84,67.2 2 2
github.com/prakaypetch-yuw/go-clean-arch/tool/util/test_util.go:10.117,18.16 8 9
github.com/prakaypetch-yuw/go-clean-arch/tool/util/test_util.go:18.16,20.3 1 0
github.com/prakaypetch-yuw/go-clean-arch/tool/util/test_util.go:21.2,22.16 2 9
github.com/prakaypetch-yuw/go-clean-arch/tool/util/test_util.go:22.16,24.3 1 0
github.com/prakaypetch-yuw/go-clean-arch/tool/util/test_util.go:25.2,28.22 3 9
github.com/prakaypetch-yuw/go-clean-arch/tool/util/test_util.go:28.22,30.3 1 9
